
AVRASM ver. 1.54  C:\code\inter.asm Wed Jun 01 10:42:57 2005


         ;Donald Carr
         ;Interupt handling
         
          .include "8535def.inc"
         ;***************************************************************************
         ;* A P P L I C A T I O N   N O T E   F O R   T H E   A V R   F A M I L Y
         ;* 
         ;* Number				:AVR000
         ;* File Name			:"8535def.inc"
         ;* Title				:Register/Bit Definitions for the AT90S8535
         ;* Date                 :99.01.28
         ;* Version              :1.30
         ;* Support telephone	:+47 72 88 43 88 (ATMEL Norway)
         ;* Support fax			:+47 72 88 43 99 (ATMEL Norway)
         ;* Support E-mail		:avr@atmel.com
         ;* Target MCU			:AT90S8535
         ;*
         ;* DESCRIPTION
         ;* When including this file in the assembly program file, all I/O register	
         ;* names and I/O register bit names appearing in the data book can be used.
         ;* In addition, the six registers forming the three data pointers X, Y and
         ;* Z have been assigned names XL - ZH. Highest RAM address for Internal 
         ;* SRAM is also defined 
         ;*
         ;* The Register names are represented by their hexadecimal address.
         ;* 
         ;* The Register Bit names are represented by their bit number (0-7).
         ;* 
         ;* Please observe the difference in using the bit names with instructions
         ;* such as "sbr"/"cbr" (set/clear bit in register) and "sbrs"/"sbrc" 
         ;* (skip if bit in register set/cleared). The following example illustrates
         ;* this:
         ;* 
         ;* in	r16,PORTB				;read PORTB latch
         ;* sbr	r16,(1<<PB6)+(1<<PB5)	;set PB6 and PB5 (use masks, not bit#)
         ;* out  PORTB,r16				;output to PORTB
         ;*
         ;* in	r16,TIFR				;read the Timer Interrupt Flag Register
         ;* sbrc	r16,TOV0				;test the overflow flag (use bit#)
         ;* rjmp	TOV0_is_set				;jump if set
         ;* ...							;otherwise do something else
         ;***************************************************************************
         
         ;***** Specify Device
          .device AT90S8535
         
         ;***** I/O Register Definitions
          .equ	SREG	=$3f
          .equ	SPH		=$3e
          .equ	SPL		=$3d
          .equ	GIMSK	=$3b
          .equ	GIFR	=$3a
          .equ	TIMSK	=$39
          .equ	TIFR	=$38
          .equ	MCUCR	=$35
          .equ	MCUSR	=$34
          .equ	TCCR0	=$33
          .equ	TCNT0	=$32
          .equ	TCCR1A	=$2f
          .equ	TCCR1B	=$2e
          .equ	TCNT1H	=$2d
          .equ	TCNT1L	=$2c
          .equ	OCR1AH	=$2b
          .equ	OCR1AL	=$2a
          .equ	OCR1BH	=$29
          .equ	OCR1BL	=$28
          .equ	ICR1H	=$27
          .equ	ICR1L	=$26
          .equ	TCCR2	=$25
          .equ	TCNT2	=$24
          .equ	OCR2	=$23
          .equ	ASSR	=$22
          .equ	WDTCR	=$21
          .equ	EEARH	=$1f
          .equ	EEARL	=$1e
          .equ	EEDR	=$1d
          .equ	EECR	=$1c
          .equ	PORTA	=$1b
          .equ	DDRA	=$1a
          .equ	PINA	=$19
          .equ	PORTB	=$18
          .equ	DDRB	=$17
          .equ	PINB	=$16
          .equ	PORTC	=$15
          .equ	DDRC	=$14
          .equ	PINC	=$13
          .equ	PORTD	=$12
          .equ	DDRD	=$11
          .equ	PIND	=$10
          .equ	SPDR	=$0f
          .equ	SPSR	=$0e
          .equ	SPCR	=$0d
          .equ	UDR		=$0c
          .equ	USR		=$0b
          .equ	UCR		=$0a
          .equ	UBRR	=$09
          .equ	ACSR	=$08
          .equ    ADMUX   =$07
          .equ    ADCSR   =$06
          .equ    ADCH    =$05
          .equ    ADCL    =$04
         
         
         ;***** Bit Definitions
         ;MCUSR
          .equ	EXTRF	=1
          .equ	PORF	=0
         
         ;GIMSK
          .equ	INT1	=7
          .equ	INT0	=6
         
         ;GIFR
          .equ	INTF1	=7
          .equ	INTF0	=6
         
         ;TIMSK
          .equ	OCIE2	=7
          .equ	TOIE2	=6
          .equ	TICIE1	=5
          .equ	OCIE1A	=4
          .equ	OCIE1B	=3
          .equ	TOIE1	=2
          .equ	TOIE0	=0
         
         ;TIFR
          .equ	OCF2	=7
          .equ	TOV2	=6
          .equ	ICF1	=5
          .equ	OCF1A	=4
          .equ	OCF1B	=3
          .equ	TOV1	=2
          .equ	TOV0	=0
         
         ;MCUCR
          .equ	SE		=6
          .equ	SM1		=5
          .equ	SM0		=4
          .equ	ISC11	=3
          .equ	ISC10	=2
          .equ	ISC01	=1
          .equ	ISC00	=0
         
         ;TCCR0
          .equ	CS02	=2
          .equ	CS01	=1
          .equ	CS00	=0
         
         ;TCCR1A
          .equ	COM1A1	=7
          .equ	COM1A0	=6
          .equ	COM1B1	=5
          .equ	COM1B0	=4
          .equ	PWM11	=1
          .equ	PWM10	=0
         
         ;TCCR1B
          .equ	ICNC1	=7
          .equ	ICES1	=6
          .equ	CTC1	=3
          .equ	CS12	=2
          .equ	CS11	=1
          .equ	CS10	=0
         
         ;TCCR2
          .equ	PWM2	=6
          .equ	COM21	=5
          .equ	COM20	=4
          .equ	CTC2	=3
          .equ	CS22	=2
          .equ	CS21	=1
          .equ	CS20	=0
         
         ;ASSR
          .equ	AS2		=3
          .equ	TCN2UB	=2
          .equ	OCR2UB	=1
          .equ	TCR2UB	=0
         
         ;WDTCR
          .equ	WDTOE	=4
          .equ	WDE		=3
          .equ	WDP2	=2
          .equ	WDP1	=1
          .equ	WDP0	=0
         
         ;EECR
          .equ	EERIE	=3
          .equ	EEMWE	=2
          .equ	EEWE	=1
          .equ	EERE	=0
         
         ;PORTA
          .equ	PA7		=7
          .equ	PA6		=6
          .equ	PA5		=5
          .equ	PA4		=4
          .equ	PA3		=3
          .equ	PA2		=2
          .equ	PA1		=1
          .equ	PA0		=0
         
         ;DDRA
          .equ	DDA7	=7
          .equ	DDA6	=6
          .equ	DDA5	=5
          .equ	DDA4	=4
          .equ	DDA3	=3
          .equ	DDA2	=2
          .equ	DDA1	=1
          .equ	DDA0	=0
         
         ;PINA
          .equ	PINA7	=7
          .equ	PINA6	=6
          .equ	PINA5	=5
          .equ	PINA4	=4
          .equ	PINA3	=3
          .equ	PINA2	=2
          .equ	PINA1	=1
          .equ	PINA0	=0
         
         ;PORTB
          .equ	PB7		=7
          .equ	PB6		=6
          .equ	PB5		=5
          .equ	PB4		=4
          .equ	PB3		=3
          .equ	PB2		=2
          .equ	PB1		=1
          .equ	PB0		=0
         
         ;DDRB
          .equ	DDB7	=7
          .equ	DDB6	=6
          .equ	DDB5	=5
          .equ	DDB4	=4
          .equ	DDB3	=3
          .equ	DDB2	=2
          .equ	DDB1	=1
          .equ	DDB0	=0
         
         ;PINB
          .equ	PINB7	=7
          .equ	PINB6	=6
          .equ	PINB5	=5
          .equ	PINB4	=4
          .equ	PINB3	=3
          .equ	PINB2	=2
          .equ	PINB1	=1
          .equ	PINB0	=0
         
         ;PORTC
          .equ	PC7		=7
          .equ	PC6		=6
          .equ	PC5		=5
          .equ	PC4		=4
          .equ	PC3		=3
          .equ	PC2		=2
          .equ	PC1		=1
          .equ	PC0		=0
         
         ;DDRC
          .equ	DDC7	=7
          .equ	DDC6	=6
          .equ	DDC5	=5
          .equ	DDC4	=4
          .equ	DDC3	=3
          .equ	DDC2	=2
          .equ	DDC1	=1
          .equ	DDC0	=0
         
         ;PINC
          .equ	PINC7	=7
          .equ	PINC6	=6
          .equ	PINC5	=5
          .equ	PINC4	=4
          .equ	PINC3	=3
          .equ	PINC2	=2
          .equ	PINC1	=1
          .equ	PINC0	=0
         
         ;PORTD
          .equ	PD7		=7
          .equ	PD6		=6
          .equ	PD5		=5
          .equ	PD4		=4
          .equ	PD3		=3
          .equ	PD2		=2
          .equ	PD1		=1
          .equ	PD0		=0
         
         ;DDRD
          .equ	DDD7	=7
          .equ	DDD6	=6
          .equ	DDD5	=5
          .equ	DDD4	=4
          .equ	DDD3	=3
          .equ	DDD2	=2
          .equ	DDD1	=1
          .equ	DDD0	=0
         
         ;PIND
          .equ	PIND7	=7
          .equ	PIND6	=6
          .equ	PIND5	=5
          .equ	PIND4	=4
          .equ	PIND3	=3
          .equ	PIND2	=2
          .equ	PIND1	=1
          .equ	PIND0	=0
         
         ;SPCR
          .equ	SPIE	=7
          .equ	SPE		=6
          .equ	DORD	=5
          .equ	MSTR	=4
          .equ	CPOL	=3
          .equ	CPHA	=2
          .equ	SPR1	=1
          .equ	SPR0	=0
         
         ;SPSR
          .equ	SPIF	=7
          .equ	WCOL	=6
         
         ;USR
          .equ	RXC		=7
          .equ	TXC		=6
          .equ	UDRE	=5
          .equ	FE		=4
          .equ	OR		=3
         
         ;RXCIE
          .equ	RXCIE	=7
          .equ	TXCIE	=6
          .equ	UDRIE	=5
          .equ	RXEN	=4
          .equ	TXEN	=3
          .equ	CHR9	=2
          .equ	RXB8	=1
          .equ	TXB8	=0
         
         ;ACSR
          .equ	ACD		=7
          .equ	ACO		=5
          .equ	ACI		=4
          .equ	ACIE	=3
          .equ	ACIC	=2
          .equ	ACIS1	=1
          .equ	ACIS0	=0
         
         ;ADMUX
          .equ	MUX2	=2
          .equ	MUX1	=1
          .equ	MUX0	=0
         
         ;ADCSR
          .equ	ADEN	=7
          .equ	ADSC	=6
          .equ	ADFR	=5
          .equ	ADIF	=4
          .equ	ADIE	=3
          .equ	ADPS2	=2
          .equ	ADPS1	=1
          .equ	ADPS0	=0
         
          .def	XL		=r26
          .def	XH		=r27
          .def	YL		=r28
          .def	YH		=r29
          .def	ZL		=r30
          .def	ZH		=r31
         
          .equ 	RAMEND  =$25F	;Last On-Chip SRAM location
          .equ	XRAMEND =$25F
          .equ	E2END	=$1FF
          .equ	FLASHEND=$FFF
         
          .equ	INT0addr=$001	;External Interrupt0 Vector Address
          .equ	INT1addr=$002	;External Interrupt1 Vector Address
          .equ	OC2addr =$003	;Timer2 compare match Vector Address
          .equ	OVF2addr=$004	;Timer2 overflow Vector Address
          .equ	ICP1addr=$005	;Timer1 Input Capture Vector Address
          .equ	OC1Aaddr=$006	;Timer1 Output Compare A Interrupt Vector Address
          .equ	OC1Baddr=$007	;Timer1 Output Compare B Interrupt Vector Address
          .equ	OVF1addr=$008	;Overflow1 Interrupt Vector Address
          .equ	OVF0addr=$009	;Overflow0 Interrupt Vector Address
          .equ	SPIaddr =$00A	;SPI Interrupt Vector Address
          .equ	URXCaddr=$00B	;UART Receive Complete Interrupt Vector Address
          .equ	UDREaddr=$00C	;UART Data Register Empty Interrupt Vector Address
          .equ	UTXCaddr=$00D	;UART Transmit Complete Interrupt Vector Address
          .equ	ADCCaddr=$00E	;ADC Conversion Complete Interrupt Vector Address
          .equ	ERDYaddr=$00F	;EEPROM Write Complete Interrupt Vector Address
          .equ	ACIaddr =$010	;Analog Comparator Interrupt Vector Address
          .def 	SegPattern = R0
          .def 	Temp1 = R16
          .def 	Temp2 = R17
          .def	CountPress = R18
          .def	TimerCount = R19
          .def Tmp1 = R20;
          .def Tmp2 = R21;
          .def Tmp3 = R22;
          .def Tmp4 = R23;
         
          	.cseg
          	.org $000
         
000000 c010      Reset : rjmp	Start
         	
          	.org $001
         	
000001 c04b      	rjmp	EXT_INT0
         	
          	.org $009
         	
000009 c033      	rjmp	TIM0_OVF
         	
          	.org $011
         	;init
000011 e50f      Start : ldi Temp1,LOW(RAMEND)
000012 bf0d      	out SPL,Temp1
000013 e002      	ldi Temp1,HIGH(RAMEND)
000014 bf0e      	out SPH,Temp1
         	
000015 e029      	ldi CountPress,9
         	
000016 ef0f      	ser Temp1
000017 bb04      	out DDRC,Temp1
         	
000018 e0e8      	ldi ZL,LOW(Sevensegtbl*2)
000019 e0f1      	ldi ZH,HIGH(Sevensegtbl*2)
         	
00001a 932f      	push CountPress
00001b 0f22      	lsl CountPress
00001c 0fe2      	add ZL, CountPress
00001d 912f      	pop CountPress
00001e 2700      	clr Temp1
00001f 1ff0      	adc ZH,Temp1
         	
000020 95c8      	lpm
000021 ba05      	out PORTC, SegPattern
         	
         ;D in
000022 988a      	cbi	DDRD,DDD2
000023 9a92      	sbi	PORTD,2
         ;B out
000024 9ab8      	sbi 	DDRB,0
         
         ;configuring int0
000025 b705      	in 	Temp1,MCUCR
000026 6002      	sbr 	Temp1,0b00000010;falling edge
000027 bf05      	out 	MCUCR, Temp1
         
         ;Setting interupt mask
000028 b70a      	in 	Temp1,GIFR
000029 7400      	cbr 	Temp1,0b10111111
00002a bf0a      	out	GIFR,Temp1
         ;Enabling timer overfill interupts
00002b b709      	in 	Temp1,TIMSK
00002c 6001      	sbr 	Temp1,0b00000001
00002d bf09      	out	TIMSK,Temp1
00002e d006      	rcall InteruptGo
00002f 9478      	sei
         
000030 98c0      Flash :	cbi PORTB,0
000031 d043      	rcall HSecond
000032 9ac0      	sbi PORTB,0
000033 d041      	rcall HSecond
000034 cffb      	rjmp Flash
         
000035 b70b      InteruptGo : 		in	Temp1,GIMSK
000036 6400      			sbr 	Temp1,0b01000000
000037 bf0b      			out 	GIMSK,Temp1
000038 9508      			ret
         
000039 b70b      InteruptStop : 		in	Temp1,GIMSK
00003a 7b0f      			cbr 	Temp1,0b01000000
00003b bf0b      			out 	GIMSK,Temp1
00003c 9508      			ret
         
         				
         
00003d 930f      TIM0_OVF :	push	Temp1
00003e b70f      		in	Temp1,SREG
00003f 930f      		push	Temp1
000040 931f      		push	Temp2
000041 953a      		dec 	TimerCount
         		;compare
000042 3030      		cpi 	TimerCount,0
         		;If not equal jump else clear
000043 f421      		brne 	CarryOn	
000044 dff0      		rcall	InteruptGo
000045 b703      		in 	Temp1,TCCR0
000046 7f0e      		cbr 	Temp1,0b00000001
000047 bf03      		out	TCCR0,Temp1
000048 911f      CarryOn :	pop	Temp2
000049 910f      		pop	Temp1
00004a bf0f      		out	SREG,Temp1
00004b 910f      		pop	Temp1
00004c 9518      		reti
         
         
         ;press button interrupt
         
         
00004d 930f      EXT_INT0 :	push	Temp1
00004e b70f      		in	Temp1,SREG
00004f 930f      		push	Temp1
000050 931f      		push	Temp2
         				
         		;ignore button
000051 dfe7      		rcall	InteruptStop
         		
000052 b703      		in 	Temp1,TCCR0;clk/64 takes 8us to inc 1 us
000053 6003      		sbr 	Temp1,0b0000011
000054 bf03      		out	TCCR0,Temp1
000055 b702      		in 	Temp1,TCNT0
000056 6000      		sbr 	Temp1,0x00
000057 bf02      		out	TCNT0,Temp1
000058 2733      		clr	TimerCount
         		
000059 b715      		in 	Temp2,MCUCR
00005a b705      		in 	Temp1,MCUCR
         			
00005b fd00      		sbrc	Temp1,0
00005c 7f1e      		cbr 	Temp2,0b00000001;falling edge
00005d fd00      		sbrc	Temp1,0
00005e f481      		brne	Skip
         		;sbrs	Temp1,0
00005f 6011      		sbr 	Temp2,0b00000001;rising edge
         		
000060 952a      		dec 	CountPress
         		;compare
000061 3020      		cpi 	CountPress,0
         		;If not equal jump else clear
000062 f409      		brne 	Display
000063 e029      		ldi 	CountPress,9
         
000064 932f      Display :	push 	CountPress
000065 0f22      		lsl 	CountPress
000066 0fe2      		add 	ZL, CountPress
000067 912f      		pop 	CountPress
000068 2700      		clr 	Temp1
000069 1ff0      		adc 	ZH,Temp1
00006a 95c8      		lpm
00006b ba05      		out 	PORTC,SegPattern
         		;initialise counter for interupt timer
00006c e036      		ldi	TimerCount,6
00006d e0e8      		ldi 	ZL,LOW(Sevensegtbl*2)
00006e e0f1      		ldi 	ZH,HIGH(Sevensegtbl*2)
00006f bf15      Skip:		out 	MCUCR, Temp2
000070 911f      		pop	Temp2
000071 910f      		pop	Temp1
000072 bf0f      		out	SREG,Temp1
000073 910f      		pop	Temp1
000074 9518      		reti
         
         ;press button interrupt
         
         
000075 ec78      HSecond	:	ldi	Tmp4,200
000076 d003      Inner	:	rcall Delay
000077 957a      		dec	Tmp4
000078 f7e9      		brne	Inner
000079 9508      		ret
         
00007a e44c      Delay : ldi Tmp1,76
00007b e151      Del1: 	ldi Tmp2,17
00007c e061      Del2: 	ldi Tmp3,1 ; delay
00007d 956a      Del3: 	dec Tmp3
00007e f7f1      	brne Del3
00007f 955a      	dec Tmp2
000080 f7d9      	brne Del2
000081 954a      	dec Tmp1
000082 f7c1      	brne Del1
000083 9508      	ret
         
          Sevensegtbl:
          	.dw $7E
000084 007e
          	.dw $30
000085 0030
          	.dw $6D
000086 006d
          	.dw $79
000087 0079
          	.dw $33
000088 0033
          	.dw $5B
000089 005b
          	.dw $5F
00008a 005f
          	.dw $70
00008b 0070
          	.dw $7F
00008c 007f
          	.dw $73
00008d 0073
         	
          .exit	

Assembly complete with no errors.
